ERROR - 2024-04-03 17:43:33 --> mysqli_sql_exception: Invalid default value for 'deleted_at' in C:\xampp2\htdocs\filmes\system\Database\MySQLi\Connection.php:306
Stack trace:
#0 C:\xampp2\htdocs\filmes\system\Database\MySQLi\Connection.php(306): mysqli->query('CREATE TABLE `f...', 0)
#1 C:\xampp2\htdocs\filmes\system\Database\BaseConnection.php(693): CodeIgniter\Database\MySQLi\Connection->execute('CREATE TABLE `f...')
#2 C:\xampp2\htdocs\filmes\system\Database\BaseConnection.php(607): CodeIgniter\Database\BaseConnection->simpleQuery('CREATE TABLE `f...')
#3 C:\xampp2\htdocs\filmes\system\Database\Forge.php(555): CodeIgniter\Database\BaseConnection->query('CREATE TABLE `f...')
#4 C:\xampp2\htdocs\filmes\app\Database\Migrations\2024-04-03-173823_Filmes.php(36): CodeIgniter\Database\Forge->createTable('filmes')
#5 C:\xampp2\htdocs\filmes\system\Database\MigrationRunner.php(865): App\Database\Migrations\Filmes->up()
#6 C:\xampp2\htdocs\filmes\system\Database\MigrationRunner.php(181): CodeIgniter\Database\MigrationRunner->migrate('up', Object(stdClass))
#7 C:\xampp2\htdocs\filmes\system\Commands\Database\Migrate.php(84): CodeIgniter\Database\MigrationRunner->latest(NULL)
#8 C:\xampp2\htdocs\filmes\system\CLI\Commands.php(65): CodeIgniter\Commands\Database\Migrate->run(Array)
#9 C:\xampp2\htdocs\filmes\system\CLI\Console.php(46): CodeIgniter\CLI\Commands->run('migrate', Array)
#10 C:\xampp2\htdocs\filmes\spark(102): CodeIgniter\CLI\Console->run()
#11 {main}
ERROR - 2024-04-03 17:50:52 --> mysqli_sql_exception: Unknown table 'filmes.cuidador' in C:\xampp2\htdocs\filmes\system\Database\MySQLi\Connection.php:306
Stack trace:
#0 C:\xampp2\htdocs\filmes\system\Database\MySQLi\Connection.php(306): mysqli->query('DROP TABLE `cui...', 0)
#1 C:\xampp2\htdocs\filmes\system\Database\BaseConnection.php(693): CodeIgniter\Database\MySQLi\Connection->execute('DROP TABLE `cui...')
#2 C:\xampp2\htdocs\filmes\system\Database\BaseConnection.php(607): CodeIgniter\Database\BaseConnection->simpleQuery('DROP TABLE `cui...')
#3 C:\xampp2\htdocs\filmes\system\Database\Forge.php(648): CodeIgniter\Database\BaseConnection->query('DROP TABLE `cui...')
#4 C:\xampp2\htdocs\filmes\app\Database\Migrations\2024-04-03-173224_Cuidador.php(41): CodeIgniter\Database\Forge->dropTable('cuidador')
#5 C:\xampp2\htdocs\filmes\system\Database\MigrationRunner.php(865): App\Database\Migrations\Cuidador->down()
#6 C:\xampp2\htdocs\filmes\system\Database\MigrationRunner.php(288): CodeIgniter\Database\MigrationRunner->migrate('down', Object(stdClass))
#7 C:\xampp2\htdocs\filmes\system\Commands\Database\MigrateRollback.php(86): CodeIgniter\Database\MigrationRunner->regress(0)
#8 C:\xampp2\htdocs\filmes\system\CLI\Commands.php(65): CodeIgniter\Commands\Database\MigrateRollback->run(Array)
#9 C:\xampp2\htdocs\filmes\system\CLI\BaseCommand.php(115): CodeIgniter\CLI\Commands->run('migrate:rollbac...', Array)
#10 C:\xampp2\htdocs\filmes\system\Commands\Database\MigrateRefresh.php(84): CodeIgniter\CLI\BaseCommand->call('migrate:rollbac...', Array)
#11 C:\xampp2\htdocs\filmes\system\CLI\Commands.php(65): CodeIgniter\Commands\Database\MigrateRefresh->run(Array)
#12 C:\xampp2\htdocs\filmes\system\CLI\Console.php(46): CodeIgniter\CLI\Commands->run('migrate:refresh', Array)
#13 C:\xampp2\htdocs\filmes\spark(102): CodeIgniter\CLI\Console->run()
#14 {main}
ERROR - 2024-04-03 18:08:48 --> mysqli_sql_exception: Table 'filmes.cuidadores' doesn't exist in C:\xampp2\htdocs\filmes\system\Database\MySQLi\Connection.php:306
Stack trace:
#0 C:\xampp2\htdocs\filmes\system\Database\MySQLi\Connection.php(306): mysqli->query('INSERT INTO `cu...', 0)
#1 C:\xampp2\htdocs\filmes\system\Database\BaseConnection.php(693): CodeIgniter\Database\MySQLi\Connection->execute('INSERT INTO `cu...')
#2 C:\xampp2\htdocs\filmes\system\Database\BaseConnection.php(607): CodeIgniter\Database\BaseConnection->simpleQuery('INSERT INTO `cu...')
#3 C:\xampp2\htdocs\filmes\system\Database\BaseBuilder.php(1803): CodeIgniter\Database\BaseConnection->query('INSERT INTO `cu...', NULL, false)
#4 C:\xampp2\htdocs\filmes\system\Database\BaseBuilder.php(2192): CodeIgniter\Database\BaseBuilder->batchExecute('_insertBatch', 100)
#5 C:\xampp2\htdocs\filmes\app\Database\Seeds\CuidadorSeeder.php(17): CodeIgniter\Database\BaseBuilder->insertBatch(Array)
#6 C:\xampp2\htdocs\filmes\system\Database\Seeder.php(145): App\Database\Seeds\CuidadorSeeder->run()
#7 C:\xampp2\htdocs\filmes\system\Commands\Database\Seed.php(77): CodeIgniter\Database\Seeder->call('App\\Database\\Se...')
#8 C:\xampp2\htdocs\filmes\system\CLI\Commands.php(65): CodeIgniter\Commands\Database\Seed->run(Array)
#9 C:\xampp2\htdocs\filmes\system\CLI\Console.php(46): CodeIgniter\CLI\Commands->run('db:seed', Array)
#10 C:\xampp2\htdocs\filmes\spark(102): CodeIgniter\CLI\Console->run()
#11 {main}
ERROR - 2024-04-03 18:10:35 --> mysqli_sql_exception: Table 'filmes.cuidadores' doesn't exist in C:\xampp2\htdocs\filmes\system\Database\MySQLi\Connection.php:306
Stack trace:
#0 C:\xampp2\htdocs\filmes\system\Database\MySQLi\Connection.php(306): mysqli->query('INSERT INTO `cu...', 0)
#1 C:\xampp2\htdocs\filmes\system\Database\BaseConnection.php(693): CodeIgniter\Database\MySQLi\Connection->execute('INSERT INTO `cu...')
#2 C:\xampp2\htdocs\filmes\system\Database\BaseConnection.php(607): CodeIgniter\Database\BaseConnection->simpleQuery('INSERT INTO `cu...')
#3 C:\xampp2\htdocs\filmes\system\Database\BaseBuilder.php(1803): CodeIgniter\Database\BaseConnection->query('INSERT INTO `cu...', NULL, false)
#4 C:\xampp2\htdocs\filmes\system\Database\BaseBuilder.php(2192): CodeIgniter\Database\BaseBuilder->batchExecute('_insertBatch', 100)
#5 C:\xampp2\htdocs\filmes\app\Database\Seeds\CuidadorSeeder.php(17): CodeIgniter\Database\BaseBuilder->insertBatch(Array)
#6 C:\xampp2\htdocs\filmes\system\Database\Seeder.php(145): App\Database\Seeds\CuidadorSeeder->run()
#7 C:\xampp2\htdocs\filmes\system\Commands\Database\Seed.php(77): CodeIgniter\Database\Seeder->call('App\\Database\\Se...')
#8 C:\xampp2\htdocs\filmes\system\CLI\Commands.php(65): CodeIgniter\Commands\Database\Seed->run(Array)
#9 C:\xampp2\htdocs\filmes\system\CLI\Console.php(46): CodeIgniter\CLI\Commands->run('db:seed', Array)
#10 C:\xampp2\htdocs\filmes\spark(102): CodeIgniter\CLI\Console->run()
#11 {main}
CRITICAL - 2024-04-03 21:42:31 --> ErrorException: Attempt to read property "nome" on array
in APPPATH\Views\cuidador.php on line 11.
 1 APPPATH\Views\cuidador.php(11): CodeIgniter\Debug\Exceptions->errorHandler(2, 'Attempt to read property "nome" on array', 'C:\\xampp2\\htdocs\\filmes\\app\\Views\\cuidador.php', 11)
 2 SYSTEMPATH\View\View.php(228): include('C:\\xampp2\\htdocs\\filmes\\app\\Views\\cuidador.php')
 3 SYSTEMPATH\View\View.php(231): CodeIgniter\View\View->CodeIgniter\View\{closure}()
 4 SYSTEMPATH\Common.php(1178): CodeIgniter\View\View->render('cuidador', [], true)
 5 APPPATH\Controllers\Main.php(20): view('cuidador', [...])
 6 SYSTEMPATH\CodeIgniter.php(943): App\Controllers\Main->cuidador()
 7 SYSTEMPATH\CodeIgniter.php(503): CodeIgniter\CodeIgniter->runController(Object(App\Controllers\Main))
 8 SYSTEMPATH\CodeIgniter.php(361): CodeIgniter\CodeIgniter->handleRequest(null, Object(Config\Cache), false)
 9 FCPATH\index.php(79): CodeIgniter\CodeIgniter->run()
CRITICAL - 2024-04-03 21:52:20 --> ErrorException: Attempt to read property "id" on array
in APPPATH\Views\filmes.php on line 9.
 1 APPPATH\Views\filmes.php(9): CodeIgniter\Debug\Exceptions->errorHandler(2, 'Attempt to read property "id" on array', 'C:\\xampp2\\htdocs\\filmes\\app\\Views\\filmes.php', 9)
 2 SYSTEMPATH\View\View.php(228): include('C:\\xampp2\\htdocs\\filmes\\app\\Views\\filmes.php')
 3 SYSTEMPATH\View\View.php(231): CodeIgniter\View\View->CodeIgniter\View\{closure}()
 4 SYSTEMPATH\Common.php(1178): CodeIgniter\View\View->render('filmes', [], true)
 5 APPPATH\Controllers\Main.php(28): view('filmes', [...])
 6 SYSTEMPATH\CodeIgniter.php(943): App\Controllers\Main->filmes()
 7 SYSTEMPATH\CodeIgniter.php(503): CodeIgniter\CodeIgniter->runController(Object(App\Controllers\Main))
 8 SYSTEMPATH\CodeIgniter.php(361): CodeIgniter\CodeIgniter->handleRequest(null, Object(Config\Cache), false)
 9 FCPATH\index.php(79): CodeIgniter\CodeIgniter->run()
CRITICAL - 2024-04-03 21:54:25 --> ErrorException: Attempt to read property "id" on array
in APPPATH\Views\filmes.php on line 9.
 1 APPPATH\Views\filmes.php(9): CodeIgniter\Debug\Exceptions->errorHandler(2, 'Attempt to read property "id" on array', 'C:\\xampp2\\htdocs\\filmes\\app\\Views\\filmes.php', 9)
 2 SYSTEMPATH\View\View.php(228): include('C:\\xampp2\\htdocs\\filmes\\app\\Views\\filmes.php')
 3 SYSTEMPATH\View\View.php(231): CodeIgniter\View\View->CodeIgniter\View\{closure}()
 4 SYSTEMPATH\Common.php(1178): CodeIgniter\View\View->render('filmes', [], true)
 5 APPPATH\Controllers\Main.php(28): view('filmes', [...])
 6 SYSTEMPATH\CodeIgniter.php(943): App\Controllers\Main->filmes()
 7 SYSTEMPATH\CodeIgniter.php(503): CodeIgniter\CodeIgniter->runController(Object(App\Controllers\Main))
 8 SYSTEMPATH\CodeIgniter.php(361): CodeIgniter\CodeIgniter->handleRequest(null, Object(Config\Cache), false)
 9 FCPATH\index.php(79): CodeIgniter\CodeIgniter->run()
CRITICAL - 2024-04-03 21:54:44 --> ErrorException: Attempt to read property "nome" on array
in APPPATH\Views\filmes.php on line 10.
 1 APPPATH\Views\filmes.php(10): CodeIgniter\Debug\Exceptions->errorHandler(2, 'Attempt to read property "nome" on array', 'C:\\xampp2\\htdocs\\filmes\\app\\Views\\filmes.php', 10)
 2 SYSTEMPATH\View\View.php(228): include('C:\\xampp2\\htdocs\\filmes\\app\\Views\\filmes.php')
 3 SYSTEMPATH\View\View.php(231): CodeIgniter\View\View->CodeIgniter\View\{closure}()
 4 SYSTEMPATH\Common.php(1178): CodeIgniter\View\View->render('filmes', [], true)
 5 APPPATH\Controllers\Main.php(28): view('filmes', [...])
 6 SYSTEMPATH\CodeIgniter.php(943): App\Controllers\Main->filmes()
 7 SYSTEMPATH\CodeIgniter.php(503): CodeIgniter\CodeIgniter->runController(Object(App\Controllers\Main))
 8 SYSTEMPATH\CodeIgniter.php(361): CodeIgniter\CodeIgniter->handleRequest(null, Object(Config\Cache), false)
 9 FCPATH\index.php(79): CodeIgniter\CodeIgniter->run()
CRITICAL - 2024-04-03 21:55:38 --> Error: Undefined constant "App\Models\id"
in APPPATH\Controllers\Main.php on line 26.
 1 SYSTEMPATH\CodeIgniter.php(943): App\Controllers\Main->filmes()
 2 SYSTEMPATH\CodeIgniter.php(503): CodeIgniter\CodeIgniter->runController(Object(App\Controllers\Main))
 3 SYSTEMPATH\CodeIgniter.php(361): CodeIgniter\CodeIgniter->handleRequest(null, Object(Config\Cache), false)
 4 FCPATH\index.php(79): CodeIgniter\CodeIgniter->run()
CRITICAL - 2024-04-03 21:57:36 --> ErrorException: Attempt to read property "nome" on array
in APPPATH\Views\filmes.php on line 10.
 1 APPPATH\Views\filmes.php(10): CodeIgniter\Debug\Exceptions->errorHandler(2, 'Attempt to read property "nome" on array', 'C:\\xampp2\\htdocs\\filmes\\app\\Views\\filmes.php', 10)
 2 SYSTEMPATH\View\View.php(228): include('C:\\xampp2\\htdocs\\filmes\\app\\Views\\filmes.php')
 3 SYSTEMPATH\View\View.php(231): CodeIgniter\View\View->CodeIgniter\View\{closure}()
 4 SYSTEMPATH\Common.php(1178): CodeIgniter\View\View->render('filmes', [], true)
 5 APPPATH\Controllers\Main.php(28): view('filmes', [...])
 6 SYSTEMPATH\CodeIgniter.php(943): App\Controllers\Main->filmes()
 7 SYSTEMPATH\CodeIgniter.php(503): CodeIgniter\CodeIgniter->runController(Object(App\Controllers\Main))
 8 SYSTEMPATH\CodeIgniter.php(361): CodeIgniter\CodeIgniter->handleRequest(null, Object(Config\Cache), false)
 9 FCPATH\index.php(79): CodeIgniter\CodeIgniter->run()
CRITICAL - 2024-04-03 22:00:10 --> ErrorException: Attempt to read property "nome" on array
in APPPATH\Views\filmes.php on line 10.
 1 APPPATH\Views\filmes.php(10): CodeIgniter\Debug\Exceptions->errorHandler(2, 'Attempt to read property "nome" on array', 'C:\\xampp2\\htdocs\\filmes\\app\\Views\\filmes.php', 10)
 2 SYSTEMPATH\View\View.php(228): include('C:\\xampp2\\htdocs\\filmes\\app\\Views\\filmes.php')
 3 SYSTEMPATH\View\View.php(231): CodeIgniter\View\View->CodeIgniter\View\{closure}()
 4 SYSTEMPATH\Common.php(1178): CodeIgniter\View\View->render('filmes', [], true)
 5 APPPATH\Controllers\Main.php(30): view('filmes', [...])
 6 SYSTEMPATH\CodeIgniter.php(943): App\Controllers\Main->filmes()
 7 SYSTEMPATH\CodeIgniter.php(503): CodeIgniter\CodeIgniter->runController(Object(App\Controllers\Main))
 8 SYSTEMPATH\CodeIgniter.php(361): CodeIgniter\CodeIgniter->handleRequest(null, Object(Config\Cache), false)
 9 FCPATH\index.php(79): CodeIgniter\CodeIgniter->run()
CRITICAL - 2024-04-03 22:05:57 --> ErrorException: Attempt to read property "id" on array
in APPPATH\Views\filmes.php on line 12.
 1 APPPATH\Views\filmes.php(12): CodeIgniter\Debug\Exceptions->errorHandler(2, 'Attempt to read property "id" on array', 'C:\\xampp2\\htdocs\\filmes\\app\\Views\\filmes.php', 12)
 2 SYSTEMPATH\View\View.php(228): include('C:\\xampp2\\htdocs\\filmes\\app\\Views\\filmes.php')
 3 SYSTEMPATH\View\View.php(231): CodeIgniter\View\View->CodeIgniter\View\{closure}()
 4 SYSTEMPATH\Common.php(1178): CodeIgniter\View\View->render('filmes', [], true)
 5 APPPATH\Controllers\Main.php(30): view('filmes', [...])
 6 SYSTEMPATH\CodeIgniter.php(943): App\Controllers\Main->filmes()
 7 SYSTEMPATH\CodeIgniter.php(503): CodeIgniter\CodeIgniter->runController(Object(App\Controllers\Main))
 8 SYSTEMPATH\CodeIgniter.php(361): CodeIgniter\CodeIgniter->handleRequest(null, Object(Config\Cache), false)
 9 FCPATH\index.php(79): CodeIgniter\CodeIgniter->run()
CRITICAL - 2024-04-03 22:08:09 --> ErrorException: Attempt to read property "id" on array
in APPPATH\Views\filmes.php on line 12.
 1 APPPATH\Views\filmes.php(12): CodeIgniter\Debug\Exceptions->errorHandler(2, 'Attempt to read property "id" on array', 'C:\\xampp2\\htdocs\\filmes\\app\\Views\\filmes.php', 12)
 2 SYSTEMPATH\View\View.php(228): include('C:\\xampp2\\htdocs\\filmes\\app\\Views\\filmes.php')
 3 SYSTEMPATH\View\View.php(231): CodeIgniter\View\View->CodeIgniter\View\{closure}()
 4 SYSTEMPATH\Common.php(1178): CodeIgniter\View\View->render('filmes', [], true)
 5 APPPATH\Controllers\Main.php(30): view('filmes', [...])
 6 SYSTEMPATH\CodeIgniter.php(943): App\Controllers\Main->filmes()
 7 SYSTEMPATH\CodeIgniter.php(503): CodeIgniter\CodeIgniter->runController(Object(App\Controllers\Main))
 8 SYSTEMPATH\CodeIgniter.php(361): CodeIgniter\CodeIgniter->handleRequest(null, Object(Config\Cache), false)
 9 FCPATH\index.php(79): CodeIgniter\CodeIgniter->run()
